Clic sur le bouton Demarrer Traitements
Erreur de execl: Aucun fichier ou dossier de ce type
Erreur de execl: Aucun fichier ou dossier de ce type
Clic sur le bouton Annuler1
Clic sur le bouton Demarrer Traitements
Erreur de execl: Aucun fichier ou dossier de ce type
Erreur de execl: Aucun fichier ou dossier de ce type
Clic sur le bouton Demarrer Traitements
Erreur de execl: Aucun fichier ou dossier de ce type
Erreur de execl: Aucun fichier ou dossier de ce type
Erreur de execl: Aucun fichier ou dossier de ce type
Clic sur le bouton Demarrer Traitements
Erreur de execl: Aucun fichier ou dossier de ce type
Erreur de execl: Aucun fichier ou dossier de ce type
Erreur de execl: Aucun fichier ou dossier de ce type
Clic sur le bouton Vider
Clic sur le bouton Vider
Clic sur le bouton Annuler2
Clic sur le bouton Annuler3
Clic sur le bouton Annuler1
Clic sur le bouton Demarrer Traitements
(Traitement 32466) Connection a la BD
(Traitement 32466) Armement du signal SIGALRM
(Traitelment 32466) Armement du signal SIGUSR1(Traitement 32466) Reception du signal SIGALRM (14)
(Traitement 32466) Reception du signal SIGALRM (14)
(Traitement 32466) Reception du signal SIGALRM (14)
(Traitement 32466) Reception du signal SIGALRM (14)
(Traitement 32466) Reception du signal SIGALRM (14)
(Traitement 32466) Reception du signal SIGALRM (14)
(Traitement 32466) Reception du signal SIGALRM (14)
Clic sur le bouton Demarrer Traitements
(Traitement 32652) Connection a la BD
(Traitement 32652) Armement du signal SIGALRM
(Traitelment 32652) Armement du signal SIGUSR1(Traitement 32652) Reception du signal SIGALRM (14)
(Traitement 32652) Reception du signal SIGALRM (14)
(Traitement 32652) Reception du signal SIGALRM (14)
(Traitement 32652) Reception du signal SIGALRM (14)
(Traitement 32652) Reception du signal SIGALRM (14)
(Traitement 32652) Reception du signal SIGALRM (14)
(Traitement 32652) Reception du signal SIGALRM (14)
Clic sur le bouton Demarrer Traitements
(Traitement 32720) Connection a la BD
(Traitement 32719) Connection a la BD
(Traitement 32721) Connection a la BD
(Traitement 32719) Armement du signal SIGALRM
(Traitelment 32719) Armement du signal SIGUSR1(Traitement 32720) Armement du signal SIGALRM
(Traitelment 32720) Armement du signal SIGUSR1(Traitement 32721) Armement du signal SIGALRM
(Traitelment 32721) Armement du signal SIGUSR1(Traitement 32719) Reception du signal SIGALRM (14)
(Traitement 32720) Reception du signal SIGALRM (14)
(Traitement 32721) Reception du signal SIGALRM (14)
(Traitement 32719) Reception du signal SIGALRM (14)
(Traitement 32720) Reception du signal SIGALRM (14)
(Traitement 32719) Reception du signal SIGALRM (14)
(Traitement 32720) Reception du signal SIGALRM (14)
(Traitement 32719) Reception du signal SIGALRM (14)
(Traitement 32720) Reception du signal SIGALRM (14)
(Traitement 32719) Reception du signal SIGALRM (14)
(Traitement 32720) Reception du signal SIGALRM (14)
(Traitement 32719) Reception du signal SIGALRM (14)
(Traitement 32720) Reception du signal SIGALRM (14)
(Traitement 32719) Reception du signal SIGALRM (14)
(Traitement 32720) Reception du signal SIGALRM (14)
(Traitement 32720) Reception du signal SIGALRM (14)
(Traitement 32720) Reception du signal SIGALRM (14)
Clic sur le bouton Annuler1
Clic sur le bouton Annuler1
Clic sur le bouton Demarrer Traitements
(Traitement 32806) Connection a la BD
(Traitement 32807) Connection a la BD
(Traitement 32808) Connection a la BD
(Traitement 32806) Armement du signal SIGALRM
(Traitelment 32806) Armement du signal SIGUSR1(Traitement 32807) Armement du signal SIGALRM
(Traitelment 32807) Armement du signal SIGUSR1(Traitement 32808) Armement du signal SIGALRM
(Traitelment 32808) Armement du signal SIGUSR1(Traitement 32806) Reception du signal SIGALRM (14)
(Traitement 32807) Reception du signal SIGALRM (14)
(Traitement 32808) Reception du signal SIGALRM (14)
Clic sur le bouton Annuler1
Signal recu: 10
(Traitement 32807) Reception du signal SIGALRM (14)
(Traitement 32807) Reception du signal SIGALRM (14)
(Traitement 32807) Reception du signal SIGALRM (14)
(Traitement 32807) Reception du signal SIGALRM (14)
(Traitement 32807) Reception du signal SIGALRM (14)
(Traitement 32807) Reception du signal SIGALRM (14)
(Traitement 32807) Reception du signal SIGALRM (14)
(Traitement 32807) Reception du signal SIGALRM (14)
Clic sur le bouton Annuler2
Clic sur le bouton Vider
Clic sur le bouton Vider
Clic sur le bouton Quitter
