Clic sur le bouton Lancer Recherche
Lecture pour le groupe g2201
(21171) g2201  (attend 10 secondes)
Clic sur le bouton Lancer Recherche
Lecture pour le groupe g2202
(21254) g2202  (attend 6 secondes)
Clic sur le bouton Lancer Recherche
Lecture pour le groupe g2201
(21490) g2201  (attend 10 secondes)
Clic sur le bouton Lancer Recherche
Lecture pour le groupe g2201
(21515) g2201  (attend 10 secondes)
Clic sur le bouton Lancer Recherche
Lecture pour le groupe g2201
(21522) g2201  (attend 10 secondes)
Clic sur le bouton Lancer Recherche
Lecture pour le groupe g2201
(21548) g2201  (attend 10 secondes)
Clic sur le bouton Vider
------
------
------
Clic sur le bouton Lancer Recherche
Clic sur le bouton Lancer Recherche
Clic sur le bouton Lancer Recherche
Clic sur le bouton Lancer Recherche
Clic sur le bouton Lancer Recherche
Clic sur le bouton Lancer Recherche
Clic sur le bouton Lancer Recherche
Clic sur le bouton Lancer Recherche
Lecture pour le groupe g2201
(21747) g2201  (attend 10 secondes)
Clic sur le bouton Lancer Recherche
Lecture pour le groupe g2203
Lecture pour le groupe g2201
(21775) g2201  (attend 10 secondes)
(21776) g2203  (attend 8 secondes)
Clic sur le bouton Lancer Recherche
Lecture pour le groupe g2201
(21875) g2201  (attend 10 secondes)
---10---
Clic sur le bouton Lancer Recherche
Lecture pour le groupe g2202
Lecture pour le groupe g2201
Lecture pour le groupe g2203
(21912) g2201  (attend 10 secondes)
(21914) g2203  (attend 8 secondes)
(21913) g2202  (attend 6 secondes)
---6---
---8---
---10---
Clic sur le bouton Lancer Recherche
Lecture pour le groupe g2204
Lecture pour le groupe g2205
Lecture pour le groupe g2203
(21933) g2205  (attend 0 secondes)
---0---
(21934) g2204  (attend 6 secondes)
(21935) g2203  (attend 8 secondes)
---6---
---8---
Clic sur le bouton Vider
------
------
------
Clic sur le bouton Quitter
